#
# There is insufficient memory for the Java Runtime Environment to continue.
# Native memory allocation (mmap) failed to map 1048576000 bytes. Error detail: G1 virtual space
# Possible reasons:
#   The system is out of physical RAM or swap space
#   This process is running with CompressedOops enabled, and the Java Heap may be blocking the growth of the native heap
# Possible solutions:
#   Reduce memory load on the system
#   Increase physical memory or swap space
#   Check if swap backing store is full
#   Decrease Java heap size (-Xmx/-Xms)
#   Decrease number of Java threads
#   Decrease Java thread stack sizes (-Xss)
#   Set larger code cache with -XX:ReservedCodeCacheSize=
#   JVM is running with Zero Based Compressed Oops mode in which the Java heap is
#     placed in the first 32GB address space. The Java Heap base address is the
#     maximum limit for the native heap growth. Please use -XX:HeapBaseMinAddress
#     to set the Java Heap base and to place the Java Heap above 32GB virtual address.
# This output file may be truncated or incomplete.
#
#  Out of Memory Error (os_windows.cpp:3631), pid=47736, tid=1288
#
# JRE version:  (22.0.2+9) (build )
# Java VM: Java HotSpot(TM) 64-Bit Server VM (22.0.2+9-70, mixed mode, sharing, tiered, compressed oops, compressed class ptrs, g1 gc, windows-amd64)
# No core dump will be written. Minidumps are not enabled by default on client versions of Windows
#

---------------  S U M M A R Y ------------

Command Line: -XX:+ShowCodeDetailsInExceptionMessages -agentlib:jdwp=transport=dt_socket,suspend=y,address=localhost:60770 -javaagent:F:\eclipse\java-2024-09\eclipse\configuration\org.eclipse.osgi\251\0\.cp\lib\javaagent-shaded.jar -Dfile.encoding=UTF-8 -Dstdout.encoding=UTF-8 -Dstderr.encoding=UTF-8 --module-path=F:\eclipse-workspace\hsbcExercise\bin -Djdk.module.main=hsbcExercise hsbcExercise/exercise3.test.TestThrottler

Host: Intel(R) Core(TM) i7-6700K CPU @ 4.00GHz, 8 cores, 62G,  Windows 10 , 64 bit Build 19041 (10.0.19041.5198)
Time: Mon Jan 20 23:59:05 2025 Paris, Madrid elapsed time: 0.017306 seconds (0d 0h 0m 0s)

---------------  T H R E A D  ---------------

Current thread (0x000001d6074ef880):  JavaThread "Unknown thread" [_thread_in_vm, id=1288, stack(0x0000009f0fc00000,0x0000009f0fd00000) (1024K)]

Stack: [0x0000009f0fc00000,0x0000009f0fd00000]
Native frames: (J=compiled Java code, j=interpreted, Vv=VM code, C=native code)
V  [jvm.dll+0x6e26e9]  (no source info available)
V  [jvm.dll+0x875753]  (no source info available)
V  [jvm.dll+0x877b7e]  (no source info available)
V  [jvm.dll+0x878253]  (no source info available)
V  [jvm.dll+0x27fc86]  (no source info available)
V  [jvm.dll+0x6ded85]  (no source info available)
V  [jvm.dll+0x6d388a]  (no source info available)
V  [jvm.dll+0x358b8a]  (no source info available)
V  [jvm.dll+0x3610b6]  (no source info available)
V  [jvm.dll+0x3b419e]  (no source info available)
V  [jvm.dll+0x3b4448]  (no source info available)
V  [jvm.dll+0x32c5ec]  (no source info available)
V  [jvm.dll+0x32d258]  (no source info available)
V  [jvm.dll+0x83d5ac]  (no source info available)
V  [jvm.dll+0x3c10d1]  (no source info available)
V  [jvm.dll+0x8264cc]  (no source info available)
V  [jvm.dll+0x45bd5e]  (no source info available)
V  [jvm.dll+0x45dbe1]  (no source info available)
C  [jli.dll+0x52a3]  (no source info available)
C  [ucrtbase.dll+0x21bb2]  (no source info available)
C  [KERNEL32.DLL+0x17374]  (no source info available)
C  [ntdll.dll+0x4cc91]  (no source info available)


---------------  P R O C E S S  ---------------

Threads class SMR info:
_java_thread_list=0x00007ffbebdcc1c8, length=0, elements={
}

Java Threads: ( => current thread )
Total: 0

Other Threads:
  0x000001d63225fa70 WorkerThread "GC Thread#0"                     [id=17912, stack(0x0000009f0fd00000,0x0000009f0fe00000) (1024K)]
  0x000001d6075a3550 ConcurrentGCThread "G1 Main Marker"            [id=22928, stack(0x0000009f0fe00000,0x0000009f0ff00000) (1024K)]
  0x000001d6075a5070 WorkerThread "G1 Conc#0"                       [id=34676, stack(0x0000009f0ff00000,0x0000009f10000000) (1024K)]

[error occurred during error reporting (printing all threads), id 0xc0000005, EXCEPTION_ACCESS_VIOLATION (0xc0000005) at pc=0x00007ffbeb51f517]
VM state: not at safepoint (not fully initialized)

VM Mutex/Monitor currently owned by a thread:  ([mutex/lock_event])
[0x00007ffbebe4cc80] Heap_lock - owner thread: 0x000001d6074ef880

Heap address: 0x000000041e000000, size: 15904 MB, Compressed Oops mode: Zero based, Oop shift amount: 3

CDS archive(s) mapped at: [0x0000000000000000-0x0000000000000000-0x0000000000000000), size 0, SharedBaseAddress: 0x0000000800000000, ArchiveRelocationMode: 1.
Narrow klass base: 0x0000000000000000, Narrow klass shift: 0, Narrow klass range: 0x0

GC Precious Log:
 CardTable entry size: 512
 Card Set container configuration: InlinePtr #cards 4 size 8 Array Of Cards #cards 64 size 144 Howl #buckets 8 coarsen threshold 14745 Howl Bitmap #cards 2048 size 272 coarsen threshold 1843 Card regions per heap region 1 cards per card region 16384

Heap:
 garbage-first heap   total reserved 16285696K, committed 0K, used 0K [0x000000041e000000, 0x0000000800000000)
  region size 8192K, 0 young (0K), 0 survivors (0K)

[error occurred during error reporting (printing heap information), id 0xc0000005, EXCEPTION_ACCESS_VIOLATION (0xc0000005) at pc=0x00007ffbeb91e869]
GC Heap History (0 events):
No events

Dll operation events (1 events):
Event: 0.013 Loaded shared library C:\Program Files\Java\jdk-22\bin\java.dll

Deoptimization events (0 events):
No events

Classes loaded (0 events):
No events

Classes unloaded (0 events):
No events

Classes redefined (0 events):
No events

Internal exceptions (0 events):
No events

ZGC Phase Switch (0 events):
No events

VM Operations (0 events):
No events

Memory protections (0 events):
No events

Nmethod flushes (0 events):
No events

Events (0 events):
No events


Dynamic libraries:
0x00007ff676150000 - 0x00007ff676160000 	C:\Program Files\Java\jdk-22\bin\javaw.exe
0x00007ffc8a0f0000 - 0x00007ffc8a2e8000 	C:\WINDOWS\SYSTEM32\ntdll.dll
0x00007ffc892b0000 - 0x00007ffc89372000 	C:\WINDOWS\System32\KERNEL32.DLL
0x00007ffc87a40000 - 0x00007ffc87d3e000 	C:\WINDOWS\System32\KERNELBASE.dll
0x00007ffc87f50000 - 0x00007ffc88050000 	C:\WINDOWS\System32\ucrtbase.dll
0x00007ffc74670000 - 0x00007ffc7468b000 	C:\Program Files\Java\jdk-22\bin\VCRUNTIME140.dll
0x00007ffc67150000 - 0x00007ffc67167000 	C:\Program Files\Java\jdk-22\bin\jli.dll
0x00007ffc88750000 - 0x00007ffc888ed000 	C:\WINDOWS\System32\USER32.dll
0x00007ffc87a10000 - 0x00007ffc87a32000 	C:\WINDOWS\System32\win32u.dll
0x00007ffc68c90000 - 0x00007ffc68f2a000 	C:\WINDOWS\WinSxS\amd64_microsoft.windows.common-controls_6595b64144ccf1df_6.0.19041.4355_none_60b8b9eb71f62e16\COMCTL32.dll
0x00007ffc882f0000 - 0x00007ffc8831b000 	C:\WINDOWS\System32\GDI32.dll
0x00007ffc893e0000 - 0x00007ffc8947e000 	C:\WINDOWS\System32\msvcrt.dll
0x00007ffc878f0000 - 0x00007ffc87a07000 	C:\WINDOWS\System32\gdi32full.dll
0x00007ffc87eb0000 - 0x00007ffc87f4d000 	C:\WINDOWS\System32\msvcp_win.dll
0x00007ffc89480000 - 0x00007ffc894af000 	C:\WINDOWS\System32\IMM32.DLL
0x00007ffc66ea0000 - 0x00007ffc66eac000 	C:\Program Files\Java\jdk-22\bin\vcruntime140_1.dll
0x00007ffc492e0000 - 0x00007ffc4936e000 	C:\Program Files\Java\jdk-22\bin\msvcp140.dll
0x00007ffbeb1e0000 - 0x00007ffbebf29000 	C:\Program Files\Java\jdk-22\bin\server\jvm.dll
0x00007ffc891e0000 - 0x00007ffc89291000 	C:\WINDOWS\System32\ADVAPI32.dll
0x00007ffc89140000 - 0x00007ffc891df000 	C:\WINDOWS\System32\sechost.dll
0x00007ffc88430000 - 0x00007ffc88553000 	C:\WINDOWS\System32\RPCRT4.dll
0x00007ffc87d40000 - 0x00007ffc87d67000 	C:\WINDOWS\System32\bcrypt.dll
0x00007ffc886e0000 - 0x00007ffc8874b000 	C:\WINDOWS\System32\WS2_32.dll
0x00007ffc86cd0000 - 0x00007ffc86d1b000 	C:\WINDOWS\SYSTEM32\POWRPROF.dll
0x00007ffc7ef70000 - 0x00007ffc7ef97000 	C:\WINDOWS\SYSTEM32\WINMM.dll
0x00007ffc81d90000 - 0x00007ffc81d9a000 	C:\WINDOWS\SYSTEM32\VERSION.dll
0x00007ffc86b90000 - 0x00007ffc86ba2000 	C:\WINDOWS\SYSTEM32\UMPDC.dll
0x00007ffc85610000 - 0x00007ffc85622000 	C:\WINDOWS\SYSTEM32\kernel.appcore.dll
0x00007ffc80340000 - 0x00007ffc8034a000 	C:\Program Files\Java\jdk-22\bin\jimage.dll
0x00007ffc81710000 - 0x00007ffc818f4000 	C:\WINDOWS\SYSTEM32\DBGHELP.DLL
0x00007ffc816a0000 - 0x00007ffc816d4000 	C:\WINDOWS\SYSTEM32\dbgcore.DLL
0x00007ffc87e20000 - 0x00007ffc87ea2000 	C:\WINDOWS\System32\bcryptPrimitives.dll
0x00007ffc66190000 - 0x00007ffc661cc000 	C:\Program Files\Java\jdk-22\bin\jdwp.dll
0x00007ffc66900000 - 0x00007ffc6690f000 	C:\Program Files\Java\jdk-22\bin\instrument.dll
0x00007ffc79a70000 - 0x00007ffc79a8e000 	C:\Program Files\Java\jdk-22\bin\java.dll
0x00007ffc889d0000 - 0x00007ffc8913d000 	C:\WINDOWS\System32\SHELL32.dll
0x00007ffc894b0000 - 0x00007ffc895db000 	C:\WINDOWS\System32\ole32.dll
0x00007ffc898e0000 - 0x00007ffc89c33000 	C:\WINDOWS\System32\combase.dll

dbghelp: loaded successfully - version: 4.0.5 - missing functions: none
symbol engine: initialized successfully - sym options: 0x614 - pdb path: .;C:\Program Files\Java\jdk-22\bin;C:\WINDOWS\SYSTEM32;C:\WINDOWS\WinSxS\amd64_microsoft.windows.common-controls_6595b64144ccf1df_6.0.19041.4355_none_60b8b9eb71f62e16;C:\Program Files\Java\jdk-22\bin\server

VM Arguments:
jvm_args: -XX:+ShowCodeDetailsInExceptionMessages -agentlib:jdwp=transport=dt_socket,suspend=y,address=localhost:60770 -javaagent:F:\eclipse\java-2024-09\eclipse\configuration\org.eclipse.osgi\251\0\.cp\lib\javaagent-shaded.jar -Dfile.encoding=UTF-8 -Dstdout.encoding=UTF-8 -Dstderr.encoding=UTF-8 --module-path=F:\eclipse-workspace\hsbcExercise\bin -Djdk.module.main=hsbcExercise 
java_command: hsbcExercise/exercise3.test.TestThrottler
java_class_path (initial): <not set>
Launcher Type: SUN_STANDARD

[Global flags]
     intx CICompilerCount                          = 4                                         {product} {ergonomic}
     uint ConcGCThreads                            = 2                                         {product} {ergonomic}
     uint G1ConcRefinementThreads                  = 8                                         {product} {ergonomic}
   size_t G1HeapRegionSize                         = 8388608                                   {product} {ergonomic}
   size_t InitialHeapSize                          = 1048576000                                {product} {ergonomic}
   size_t MarkStackSize                            = 4194304                                   {product} {ergonomic}
   size_t MaxHeapSize                              = 16676552704                               {product} {ergonomic}
   size_t MinHeapDeltaBytes                        = 8388608                                   {product} {ergonomic}
   size_t MinHeapSize                              = 8388608                                   {product} {ergonomic}
    uintx NonNMethodCodeHeapSize                   = 5839372                                {pd product} {ergonomic}
    uintx NonProfiledCodeHeapSize                  = 122909434                              {pd product} {ergonomic}
    uintx ProfiledCodeHeapSize                     = 122909434                              {pd product} {ergonomic}
    uintx ReservedCodeCacheSize                    = 251658240                              {pd product} {ergonomic}
     bool SegmentedCodeCache                       = true                                      {product} {ergonomic}
     bool ShowCodeDetailsInExceptionMessages       = true                                   {manageable} {command line}
   size_t SoftMaxHeapSize                          = 16676552704                            {manageable} {ergonomic}
     bool UseCompressedOops                        = true                           {product lp64_product} {ergonomic}
     bool UseG1GC                                  = true                                      {product} {ergonomic}
     bool UseLargePagesIndividualAllocation        = false                                  {pd product} {ergonomic}

Logging:
Log output configuration:
 #0: stdout all=warning uptime,level,tags foldmultilines=false
 #1: stderr all=off uptime,level,tags foldmultilines=false

Environment Variables:
JAVA_HOME=C:\Program Files\Java\jdk-22
PATH=C:/Program Files/Java/jdk-22/bin/server;C:/Program Files/Java/jdk-22/bin;C:\WINDOWS\system32;C:\WINDOWS;C:\WINDOWS\System32\Wbem;C:\WINDOWS\System32\WindowsPowerShell\v1.0\;C:\WINDOWS\System32\OpenSSH\;C:\Program Files (x86)\NVIDIA Corporation\PhysX\Common;C:\Program Files\NVIDIA Corporation\NVIDIA NvDLISR;C:\Program Files\dotnet\;C:\Users\Ankis\AppData\Local\Microsoft\WindowsApps;;C:\WINDOWS\system32;
USERNAME=DollMage
OS=Windows_NT
PROCESSOR_IDENTIFIER=Intel64 Family 6 Model 94 Stepping 3, GenuineIntel
TMP=C:\Users\Ankis\AppData\Local\Temp
TEMP=C:\Users\Ankis\AppData\Local\Temp




Periodic native trim disabled

---------------  S Y S T E M  ---------------

OS:
 Windows 10 , 64 bit Build 19041 (10.0.19041.5198)
OS uptime: 39 days 20:14 hours

CPU: total 8 (initial active 8) (4 cores per cpu, 2 threads per core) family 6 model 94 stepping 3 microcode 0xcc, cx8, cmov, fxsr, ht, mmx, 3dnowpref, sse, sse2, sse3, ssse3, sse4.1, sse4.2, popcnt, lzcnt, tsc, tscinvbit, avx, avx2, aes, erms, clmul, bmi1, bmi2, rtm, adx, fma, vzeroupper, clflush, clflushopt, rdtscp, f16c
Processor Information for all 8 processors :
  Max Mhz: 4001, Current Mhz: 4000, Mhz Limit: 4001

Memory: 4k page, system-wide physical 63589M (19952M free)
TotalPageFile size 87749M (AvailPageFile size 941M)
current process WorkingSet (physical memory assigned to process): 12M, peak: 12M
current process commit charge ("private bytes"): 61M, peak: 1061M

vm_info: Java HotSpot(TM) 64-Bit Server VM (22.0.2+9-70) for windows-amd64 JRE (22.0.2+9-70), built on 2024-06-04T16:52:23Z by "mach5one" with MS VC++ 17.6 (VS2022)

END.
